This is pdfeTeXk, Version 3.141592-1.20a-2.2 (Web2c 7.5.3) (format=latex 2024.5.19)  19 MAY 2024 20:36
 Source specials enabled.
 %&-line parsing enabled.
**&latex latex.tex
(./latex.tex
LaTeX2e <2005/12/01>
(c:/Program Files/PCTeX/PCTeXv6/texmf-dist/tex/latex/base/article.cls
Document Class: article 2005/09/16 v1.4f Standard LaTeX document class
(c:/Program Files/PCTeX/PCTeXv6/texmf-dist/tex/latex/base/size10.clo
File: size10.clo 2005/09/16 v1.4f Standard LaTeX file (size option)
)
\c@part=\count79
\c@section=\count80
\c@subsection=\count81
\c@subsubsection=\count82
\c@paragraph=\count83
\c@subparagraph=\count84
\c@figure=\count85
\c@table=\count86
\abovecaptionskip=\skip41
\belowcaptionskip=\skip42
\bibindent=\dimen102
)
(c:/Program Files/PCTeX/PCTeXv6/texmf-dist/tex/latex/amsmath/amsmath.sty
Package: amsmath 2000/07/18 v2.13 AMS math features
\@mathmargin=\skip43

For additional information on amsmath, use the `?' option.
(c:/Program Files/PCTeX/PCTeXv6/texmf-dist/tex/latex/amsmath/amstext.sty
Package: amstext 2000/06/29 v2.01

(c:/Program Files/PCTeX/PCTeXv6/texmf-dist/tex/latex/amsmath/amsgen.sty
File: amsgen.sty 1999/11/30 v2.0
\@emptytoks=\toks14
\ex@=\dimen103
))
(c:/Program Files/PCTeX/PCTeXv6/texmf-dist/tex/latex/amsmath/amsbsy.sty
Package: amsbsy 1999/11/29 v1.2d
\pmbraise@=\dimen104
)
(c:/Program Files/PCTeX/PCTeXv6/texmf-dist/tex/latex/amsmath/amsopn.sty
Package: amsopn 1999/12/14 v2.01 operator names
)
\inf@bad=\count87
LaTeX Info: Redefining \frac on input line 211.
\uproot@=\count88
\leftroot@=\count89
LaTeX Info: Redefining \overline on input line 307.
\classnum@=\count90
\DOTSCASE@=\count91
LaTeX Info: Redefining \ldots on input line 379.
LaTeX Info: Redefining \dots on input line 382.
LaTeX Info: Redefining \cdots on input line 467.
\Mathstrutbox@=\box26
\strutbox@=\box27
\big@size=\dimen105
LaTeX Font Info:    Redeclaring font encoding OML on input line 567.
LaTeX Font Info:    Redeclaring font encoding OMS on input line 568.
\macc@depth=\count92
\c@MaxMatrixCols=\count93
\dotsspace@=\muskip10
\c@parentequation=\count94
\dspbrk@lvl=\count95
\tag@help=\toks15
\row@=\count96
\column@=\count97
\maxfields@=\count98
\andhelp@=\toks16
\eqnshift@=\dimen106
\alignsep@=\dimen107
\tagshift@=\dimen108
\tagwidth@=\dimen109
\totwidth@=\dimen110
\lineht@=\dimen111
\@envbody=\toks17
\multlinegap=\skip44
\multlinetaggap=\skip45
\mathdisplay@stack=\toks18
LaTeX Info: Redefining \[ on input line 2666.
LaTeX Info: Redefining \] on input line 2667.
)
No file latex.aux.
\openout1 = `latex.aux'.

LaTeX Font Info:    Checking defaults for OML/cmm/m/it on input line 3.
LaTeX Font Info:    ... okay on input line 3.
LaTeX Font Info:    Checking defaults for T1/cmr/m/n on input line 3.
LaTeX Font Info:    ... okay on input line 3.
LaTeX Font Info:    Checking defaults for OT1/cmr/m/n on input line 3.
LaTeX Font Info:    ... okay on input line 3.
LaTeX Font Info:    Checking defaults for OMS/cmsy/m/n on input line 3.
LaTeX Font Info:    ... okay on input line 3.
LaTeX Font Info:    Checking defaults for OMX/cmex/m/n on input line 3.
LaTeX Font Info:    ... okay on input line 3.
LaTeX Font Info:    Checking defaults for U/cmr/m/n on input line 3.
LaTeX Font Info:    ... okay on input line 3.
LaTeX Font Info:    Try loading font information for OMS+cmr on input line 7.
(c:/Program Files/PCTeX/PCTeXv6/texmf-dist/tex/latex/base/omscmr.fd
File: omscmr.fd 1999/05/25 v2.5h Standard LaTeX font definitions
)
LaTeX Font Info:    Font shape `OMS/cmr/m/n' in size <10> not available
(Font)              Font shape `OMS/cmsy/m/n' tried instead on input line 7.

Underfull \hbox (badness 10000) in paragraph at lines 17--19

 []


Overfull \hbox (49.92369pt too wide) in paragraph at lines 26--27
[][]\OT1/cmr/m/n/10 Flow cost from re-tail-ers to col-lec-tion cen-tres $[][\OM
L/cmm/m/it/10 k; m\OT1/cmr/m/n/10 ]$ 
 []


Overfull \hbox (31.76003pt too wide) in paragraph at lines 27--28
[][]\OT1/cmr/m/n/10 Flow cost from col-lec-tion cen-tres to plants $[][\OML/cmm
/m/it/10 m; j\OT1/cmr/m/n/10 ]$ 
 []


Overfull \hbox (12.01811pt too wide) in paragraph at lines 28--29
[][]\OT1/cmr/m/n/10 Flow cost from col-lec-tion cen-tres to re-tail-ers $[][\OM
L/cmm/m/it/10 m; k\OT1/cmr/m/n/10 ]$ 
 []


Overfull \hbox (122.41469pt too wide) in paragraph at lines 29--30
[][]\OT1/cmr/m/n/10 Flow cost from col-lec-tion cen-tres to re-man-u-fac-tur-in
g $[][\OML/cmm/m/it/10 m; r\OT1/cmr/m/n/10 ]$ 
 []


Overfull \hbox (73.11398pt too wide) in paragraph at lines 30--31
[][]\OT1/cmr/m/n/10 Flow cost from re-man-u-fac-tur-ing to re-fur-bish-ing $[][
\OML/cmm/m/it/10 r; j\OT1/cmr/m/n/10 ]$ 
 []


Overfull \hbox (49.05833pt too wide) in paragraph at lines 31--32
[][]\OT1/cmr/m/n/10 Flow cost from re-man-u-fac-tur-ing to re-cy-cling $[][\OML
/cmm/m/it/10 r; j\OT1/cmr/m/n/10 ]$ 
 []


Overfull \hbox (112.44742pt too wide) in paragraph at lines 32--34
[][]\OT1/cmr/m/n/10 Flow cost from re-man-u-fac-tur-ing to re-man-u-fac-tur-ing
 $[][\OML/cmm/m/it/10 r; j\OT1/cmr/m/n/10 ]$ 
 []


Underfull \hbox (badness 10000) in paragraph at lines 36--38

 []

[1

{c:/Program Files/PCTeX/PCTeXv6/texmf-var/fonts/map/./pdftex.map}]
Underfull \hbox (badness 10000) in paragraph at lines 59--61

 []


Underfull \hbox (badness 10000) in paragraph at lines 64--65

 []


Overfull \hbox (40.38513pt too wide) detected at line 87
[] []
 []

[2]
Overfull \hbox (19.99963pt too wide) detected at line 104
[]\OT1/cmr/m/n/10 (\OML/cmm/m/it/10 a\OT1/cmr/m/n/10 [\OML/cmm/m/it/10 m; j; p\
OT1/cmr/m/n/10 ] + \OML/cmm/m/it/10 b\OT1/cmr/m/n/10 [\OML/cmm/m/it/10 m; k; p\
OT1/cmr/m/n/10 ]) \OMS/cmsy/m/n/10  []\OT1/cmr/m/n/10 [\OML/cmm/m/it/10 m; c\O
T1/cmr/m/n/10 ] \OMS/cmsy/m/n/10  []\OT1/cmr/m/n/10 [\OML/cmm/m/it/10 m\OT1/cm
r/m/n/10 ]\OML/cmm/m/it/10 ;  \OMS/cmsy/m/n/10 8\OML/cmm/m/it/10 m; c; p
 []


Overfull \hbox (118.08203pt too wide) detected at line 109
[]\OT1/cmr/m/n/10 (\OML/cmm/m/it/10 erf\OT1/cmr/m/n/10 [\OML/cmm/m/it/10 r; j; 
c; p\OT1/cmr/m/n/10 ] + \OML/cmm/m/it/10 erm\OT1/cmr/m/n/10 [\OML/cmm/m/it/10 r
; j; c; p\OT1/cmr/m/n/10 ] + \OML/cmm/m/it/10 er\OT1/cmr/m/n/10 [\OML/cmm/m/it/
10 r; j; c; p\OT1/cmr/m/n/10 ]) \OMS/cmsy/m/n/10  []\OT1/cmr/m/n/10 [\OML/cmm/
m/it/10 r; c\OT1/cmr/m/n/10 ] \OMS/cmsy/m/n/10  []\OT1/cmr/m/n/10 [\OML/cmm/m/
it/10 r\OT1/cmr/m/n/10 ]\OML/cmm/m/it/10 ;  \OMS/cmsy/m/n/10 8\OML/cmm/m/it/10 
r; c; p
 []

[3]
Underfull \hbox (badness 10000) in paragraph at lines 109--112

 []


Underfull \hbox (badness 10000) in paragraph at lines 109--112

 []


Underfull \hbox (badness 10000) in paragraph at lines 109--112

 []


Overfull \hbox (29.42798pt too wide) detected at line 119
[] \OML/cmm/m/it/10 x\OT1/cmr/m/n/10 [\OML/cmm/m/it/10 i; j; c; p\OT1/cmr/m/n/1
0 ] + [](\OML/cmm/m/it/10 erf\OT1/cmr/m/n/10 [\OML/cmm/m/it/10 r; j; c; p\OT1/c
mr/m/n/10 ] + \OML/cmm/m/it/10 erm\OT1/cmr/m/n/10 [\OML/cmm/m/it/10 r; j; c; p\
OT1/cmr/m/n/10 ] + \OML/cmm/m/it/10 er\OT1/cmr/m/n/10 [\OML/cmm/m/it/10 r; j; c
; p\OT1/cmr/m/n/10 ]) = [] \OML/cmm/m/it/10 y\OT1/cmr/m/n/10 [\OML/cmm/m/it/10 
j; k; p\OT1/cmr/m/n/10 ]\OML/cmm/m/it/10 ;  \OMS/cmsy/m/n/10 8\OML/cmm/m/it/10 
j
 []


Underfull \hbox (badness 10000) in paragraph at lines 133--137

 []


Underfull \hbox (badness 10000) in paragraph at lines 133--137

 []


Underfull \hbox (badness 10000) in paragraph at lines 133--137

 []


Underfull \hbox (badness 10000) in paragraph at lines 152--156

 []


Underfull \hbox (badness 10000) in paragraph at lines 152--156

 []


Underfull \hbox (badness 10000) in paragraph at lines 152--156

 []

[4] [5] (./latex.aux) ) 
Here is how much of TeX's memory you used:
 821 strings out of 95375
 9394 string characters out of 1187798
 1054972 words of memory out of 2500000
 3863 multiletter control sequences out of 10000+50000
 4402 words of font info for 17 fonts, out of 1000000 for 2000
 14 hyphenation exceptions out of 8191
 27i,11n,20p,224b,272s stack positions out of 5000i,500n,1000p,200000b,5000s
 34 PDF objects out of 300000
 0 named destinations out of 131072
 1 words of extra memory for PDF output out of 65536
<c:/Program Files/PCTeX/PCTeXv6/texmf-dist/fonts/type1/b
luesky/cm/cmmi7.pfb><c:/Program Files/PCTeX/PCTeXv6/texmf-dist/fonts/type1/blue
sky/cm/cmex10.pfb><c:/Program Files/PCTeX/PCTeXv6/texmf-dist/fonts/type1/bluesk
y/cm/cmmi10.pfb><c:/Program Files/PCTeX/PCTeXv6/texmf-dist/fonts/type1/bluesky/
cm/cmr10.pfb><c:/Program Files/PCTeX/PCTeXv6/texmf-dist/fonts/type1/bluesky/cm/
cmsy10.pfb><c:/Program Files/PCTeX/PCTeXv6/texmf-dist/fonts/type1/bluesky/cm/cm
bx10.pfb>
Output written on latex.pdf (5 pages, 54794 bytes).
